<?xml version="1.0" encoding="UTF-8"?>
<testng-results ignored="0" total="1" passed="1" failed="0" skipped="0">
  <reporter-output>
  </reporter-output>
  <suite started-at="2022-10-14T09:35:12 IST" name="Suite" finished-at="2022-10-14T09:35:12 IST" duration-ms="37">
    <groups>
    </groups>
    <test started-at="2022-10-14T09:35:12 IST" name="POC" finished-at="2022-10-14T09:35:12 IST" duration-ms="37">
      <class name="Printing.POC.CheckingConcept">
        <test-method signature="execute()[pri:0, instance:Printing.POC.CheckingConcept@2525ff7e]" started-at="2022-10-14T09:35:12 IST" name="execute" finished-at="2022-10-14T09:35:12 IST" duration-ms="7" status="PASS">
          <reporter-output>
          </reporter-output>
        </test-method> <!-- execute -->
      </class> <!-- Printing.POC.CheckingConcept -->
    </test> <!-- POC -->
  </suite> <!-- Suite -->
</testng-results>
